Performing C SOURCE FILE Test CMAKE_HAVE_LIBC_PTHREAD failed with the following output:
Change Dir: /mnt/d/rocket/workspace/Whistler-Blackcomb/build/CMakeFiles/CMakeTmp

Run Build Command(s):/usr/bin/make cmTC_c3203/fast && make: Warning: File 'Makefile' has modification time 1.6 s in the future
/usr/bin/make -f CMakeFiles/cmTC_c3203.dir/build.make CMakeFiles/cmTC_c3203.dir/build
make[1]: Entering directory '/mnt/d/rocket/workspace/Whistler-Blackcomb/build/CMakeFiles/CMakeTmp'
make[1]: Warning: File 'CMakeFiles/cmTC_c3203.dir/flags.make' has modification time 1.5 s in the future
Building C object CMakeFiles/cmTC_c3203.dir/src.c.o
/bin/gcc-9   -DCMAKE_HAVE_LIBC_PTHREAD   -o CMakeFiles/cmTC_c3203.dir/src.c.o   -c /mnt/d/rocket/workspace/Whistler-Blackcomb/build/CMakeFiles/CMakeTmp/src.c
Linking C executable cmTC_c3203
/usr/bin/cmake -E cmake_link_script CMakeFiles/cmTC_c3203.dir/link.txt --verbose=1
/bin/gcc-9  -DCMAKE_HAVE_LIBC_PTHREAD    -rdynamic CMakeFiles/cmTC_c3203.dir/src.c.o  -o cmTC_c3203 
/usr/bin/ld: CMakeFiles/cmTC_c3203.dir/src.c.o: in function `main':
src.c:(.text+0x46): undefined reference to `pthread_create'
/usr/bin/ld: src.c:(.text+0x52): undefined reference to `pthread_detach'
/usr/bin/ld: src.c:(.text+0x63): undefined reference to `pthread_join'
collect2: error: ld returned 1 exit status
make[1]: *** [CMakeFiles/cmTC_c3203.dir/build.make:87: cmTC_c3203] Error 1
make[1]: Leaving directory '/mnt/d/rocket/workspace/Whistler-Blackcomb/build/CMakeFiles/CMakeTmp'
make: *** [Makefile:121: cmTC_c3203/fast] Error 2


Source file was:
#include <pthread.h>

void* test_func(void* data)
{
  return data;
}

int main(void)
{
  pthread_t thread;
  pthread_create(&thread, NULL, test_func, NULL);
  pthread_detach(thread);
  pthread_join(thread, NULL);
  pthread_atfork(NULL, NULL, NULL);
  pthread_exit(NULL);

  return 0;
}

Determining if the function pthread_create exists in the pthreads failed with the following output:
Change Dir: /mnt/d/rocket/workspace/Whistler-Blackcomb/build/CMakeFiles/CMakeTmp

Run Build Command(s):/usr/bin/make cmTC_690a8/fast && make: Warning: File 'Makefile' has modification time 1.6 s in the future
/usr/bin/make -f CMakeFiles/cmTC_690a8.dir/build.make CMakeFiles/cmTC_690a8.dir/build
make[1]: Entering directory '/mnt/d/rocket/workspace/Whistler-Blackcomb/build/CMakeFiles/CMakeTmp'
make[1]: Warning: File 'CMakeFiles/cmTC_690a8.dir/flags.make' has modification time 1.5 s in the future
Building C object CMakeFiles/cmTC_690a8.dir/CheckFunctionExists.c.o
/bin/gcc-9   -DCHECK_FUNCTION_EXISTS=pthread_create   -o CMakeFiles/cmTC_690a8.dir/CheckFunctionExists.c.o   -c /usr/share/cmake-3.16/Modules/CheckFunctionExists.c
Linking C executable cmTC_690a8
/usr/bin/cmake -E cmake_link_script CMakeFiles/cmTC_690a8.dir/link.txt --verbose=1
/bin/gcc-9  -DCHECK_FUNCTION_EXISTS=pthread_create    -rdynamic CMakeFiles/cmTC_690a8.dir/CheckFunctionExists.c.o  -o cmTC_690a8  -lpthreads 
/usr/bin/ld: cannot find -lpthreads
collect2: error: ld returned 1 exit status
make[1]: *** [CMakeFiles/cmTC_690a8.dir/build.make:87: cmTC_690a8] Error 1
make[1]: Leaving directory '/mnt/d/rocket/workspace/Whistler-Blackcomb/build/CMakeFiles/CMakeTmp'
make: *** [Makefile:121: cmTC_690a8/fast] Error 2



